[2025-10-08 13:52:17] [SUPERVISOR] Starting watchers...
[2025-10-08 13:52:17] [SUPERVISOR] ✅ Watchers started.
[2025-10-08 13:52:17] [SUPERVISOR] Stopping watchers...
[2025-10-08 13:52:19] [SUPERVISOR] 🛑 All watchers stopped.
[2025-10-08 13:52:19] [SUPERVISOR] Restart requested...
[2025-10-08 13:52:19] [SUPERVISOR] Stopping watchers...
[2025-10-08 13:52:19] [SUPERVISOR] 🛑 All watchers stopped.
[2025-10-08 13:52:21] [SUPERVISOR] Starting watchers...
[2025-10-08 13:52:21] [SUPERVISOR] ✅ Watchers started.
[2025-10-08 13:52:21] [SUPERVISOR] 🔄 Restart complete.
[2025-10-08 15:15:07] [WATCH-MEDIA] [INFO] 👀 Watching path: C:\Users\justi\Downloads\jutellane-Main\jutellane-Main\scripts\..\public\videos
[2025-10-08 15:15:07] [WATCH-MEDIA] [INFO] Watcher started. Press Ctrl+C to exit.
[2025-10-08 15:15:11] [WATCH-MEDIA] [INFO] 👀 Watching path: C:\Users\justi\Downloads\jutellane-Main\jutellane-Main\scripts\..\public\videos
[2025-10-08 15:15:11] [WATCH-MEDIA] [INFO] Watcher started. Press Ctrl+C to exit.
[2025-10-08 15:15:12] [WATCH-MEDIA] [INFO] 👀 Watching path: C:\Users\justi\Downloads\jutellane-Main\jutellane-Main\scripts\..\public\videos
[2025-10-08 15:15:12] [WATCH-MEDIA] [INFO] Watcher started. Press Ctrl+C to exit.
[2025-10-08 15:15:16] [WATCH-MEDIA] [INFO] 👀 Watching path: C:\Users\justi\Downloads\jutellane-Main\jutellane-Main\scripts\..\public\videos
[2025-10-08 15:15:16] [WATCH-MEDIA] [INFO] Watcher started. Press Ctrl+C to exit.
[2025-10-08 15:15:17] [WATCH-MEDIA] [INFO] 👀 Watching path: C:\Users\justi\Downloads\jutellane-Main\jutellane-Main\scripts\..\public\videos
[2025-10-08 15:15:17] [WATCH-MEDIA] [INFO] Watcher started. Press Ctrl+C to exit.
[2025-10-08 15:15:21] [WATCH-MEDIA] [INFO] 👀 Watching path: C:\Users\justi\Downloads\jutellane-Main\jutellane-Main\scripts\..\public\videos
[2025-10-08 15:15:21] [WATCH-MEDIA] [INFO] Watcher started. Press Ctrl+C to exit.
[2025-10-08 15:15:22] [WATCH-MEDIA] [INFO] 👀 Watching path: C:\Users\justi\Downloads\jutellane-Main\jutellane-Main\scripts\..\public\videos
[2025-10-08 15:15:22] [WATCH-MEDIA] [INFO] Watcher started. Press Ctrl+C to exit.
[2025-10-08 15:15:26] [WATCH-MEDIA] [INFO] 👀 Watching path: C:\Users\justi\Downloads\jutellane-Main\jutellane-Main\scripts\..\public\videos
[2025-10-08 15:15:26] [WATCH-MEDIA] [INFO] Watcher started. Press Ctrl+C to exit.
[2025-10-08 15:15:27] [WATCH-MEDIA] [INFO] 👀 Watching path: C:\Users\justi\Downloads\jutellane-Main\jutellane-Main\scripts\..\public\videos
[2025-10-08 15:15:27] [WATCH-MEDIA] [INFO] Watcher started. Press Ctrl+C to exit.
[2025-10-08 15:15:31] [WATCH-MEDIA] [INFO] 👀 Watching path: C:\Users\justi\Downloads\jutellane-Main\jutellane-Main\scripts\..\public\videos
[2025-10-08 15:15:31] [WATCH-MEDIA] [INFO] Watcher started. Press Ctrl+C to exit.
[2025-10-08 15:15:32] [WATCH-MEDIA] [INFO] 👀 Watching path: C:\Users\justi\Downloads\jutellane-Main\jutellane-Main\scripts\..\public\videos
[2025-10-08 15:15:32] [WATCH-MEDIA] [INFO] Watcher started. Press Ctrl+C to exit.
[2025-10-08 15:15:36] [WATCH-MEDIA] [INFO] 👀 Watching path: C:\Users\justi\Downloads\jutellane-Main\jutellane-Main\scripts\..\public\videos
[2025-10-08 15:15:36] [WATCH-MEDIA] [INFO] Watcher started. Press Ctrl+C to exit.
[2025-10-08 15:15:37] [WATCH-MEDIA] [INFO] 👀 Watching path: C:\Users\justi\Downloads\jutellane-Main\jutellane-Main\scripts\..\public\videos
[2025-10-08 15:15:37] [WATCH-MEDIA] [INFO] Watcher started. Press Ctrl+C to exit.
[2025-10-08 15:15:41] [WATCH-MEDIA] [INFO] 👀 Watching path: C:\Users\justi\Downloads\jutellane-Main\jutellane-Main\scripts\..\public\videos
[2025-10-08 15:15:41] [WATCH-MEDIA] [INFO] Watcher started. Press Ctrl+C to exit.
[2025-10-08 15:15:42] [WATCH-MEDIA] [INFO] 👀 Watching path: C:\Users\justi\Downloads\jutellane-Main\jutellane-Main\scripts\..\public\videos
[2025-10-08 15:15:42] [WATCH-MEDIA] [INFO] Watcher started. Press Ctrl+C to exit.
[2025-10-08 15:15:46] [WATCH-MEDIA] [INFO] 👀 Watching path: C:\Users\justi\Downloads\jutellane-Main\jutellane-Main\scripts\..\public\videos
[2025-10-08 15:15:47] [WATCH-MEDIA] [INFO] Watcher started. Press Ctrl+C to exit.
[2025-10-08 15:15:47] [WATCH-MEDIA] [INFO] 👀 Watching path: C:\Users\justi\Downloads\jutellane-Main\jutellane-Main\scripts\..\public\videos
[2025-10-08 15:15:47] [WATCH-MEDIA] [INFO] Watcher started. Press Ctrl+C to exit.
[2025-10-08 15:15:52] [WATCH-MEDIA] [INFO] 👀 Watching path: C:\Users\justi\Downloads\jutellane-Main\jutellane-Main\scripts\..\public\videos
[2025-10-08 15:15:52] [WATCH-MEDIA] [INFO] Watcher started. Press Ctrl+C to exit.
[2025-10-08 15:15:53] [WATCH-MEDIA] [INFO] 👀 Watching path: C:\Users\justi\Downloads\jutellane-Main\jutellane-Main\scripts\..\public\videos
[2025-10-08 15:15:53] [WATCH-MEDIA] [INFO] Watcher started. Press Ctrl+C to exit.
[2025-10-08 15:15:57] [WATCH-MEDIA] [INFO] 👀 Watching path: C:\Users\justi\Downloads\jutellane-Main\jutellane-Main\scripts\..\public\videos
[2025-10-08 15:15:57] [WATCH-MEDIA] [INFO] Watcher started. Press Ctrl+C to exit.
[2025-10-08 15:15:58] [WATCH-MEDIA] [INFO] 👀 Watching path: C:\Users\justi\Downloads\jutellane-Main\jutellane-Main\scripts\..\public\videos
[2025-10-08 15:15:58] [WATCH-MEDIA] [INFO] Watcher started. Press Ctrl+C to exit.
[2025-10-08 15:16:02] [WATCH-MEDIA] [INFO] 👀 Watching path: C:\Users\justi\Downloads\jutellane-Main\jutellane-Main\scripts\..\public\videos
[2025-10-08 15:16:02] [WATCH-MEDIA] [INFO] Watcher started. Press Ctrl+C to exit.
[2025-10-08 15:16:03] [WATCH-MEDIA] [INFO] 👀 Watching path: C:\Users\justi\Downloads\jutellane-Main\jutellane-Main\scripts\..\public\videos
[2025-10-08 15:16:03] [WATCH-MEDIA] [INFO] Watcher started. Press Ctrl+C to exit.
[2025-10-08 15:16:07] [WATCH-MEDIA] [INFO] 👀 Watching path: C:\Users\justi\Downloads\jutellane-Main\jutellane-Main\scripts\..\public\videos
[2025-10-08 15:16:07] [WATCH-MEDIA] [INFO] Watcher started. Press Ctrl+C to exit.
[2025-10-08 15:16:08] [WATCH-MEDIA] [INFO] 👀 Watching path: C:\Users\justi\Downloads\jutellane-Main\jutellane-Main\scripts\..\public\videos
[2025-10-08 15:16:08] [WATCH-MEDIA] [INFO] Watcher started. Press Ctrl+C to exit.
[2025-10-08 15:16:12] [WATCH-MEDIA] [INFO] 👀 Watching path: C:\Users\justi\Downloads\jutellane-Main\jutellane-Main\scripts\..\public\videos
[2025-10-08 15:16:12] [WATCH-MEDIA] [INFO] Watcher started. Press Ctrl+C to exit.
[2025-10-08 15:16:13] [WATCH-MEDIA] [INFO] 👀 Watching path: C:\Users\justi\Downloads\jutellane-Main\jutellane-Main\scripts\..\public\videos
[2025-10-08 15:16:13] [WATCH-MEDIA] [INFO] Watcher started. Press Ctrl+C to exit.
[2025-10-08 15:16:17] [WATCH-MEDIA] [INFO] 👀 Watching path: C:\Users\justi\Downloads\jutellane-Main\jutellane-Main\scripts\..\public\videos
[2025-10-08 15:16:17] [WATCH-MEDIA] [INFO] Watcher started. Press Ctrl+C to exit.
[2025-10-08 15:16:18] [WATCH-MEDIA] [INFO] 👀 Watching path: C:\Users\justi\Downloads\jutellane-Main\jutellane-Main\scripts\..\public\videos
[2025-10-08 15:16:18] [WATCH-MEDIA] [INFO] Watcher started. Press Ctrl+C to exit.
[2025-10-08 15:16:22] [WATCH-MEDIA] [INFO] 👀 Watching path: C:\Users\justi\Downloads\jutellane-Main\jutellane-Main\scripts\..\public\videos
[2025-10-08 15:16:22] [WATCH-MEDIA] [INFO] Watcher started. Press Ctrl+C to exit.
[2025-10-08 15:16:23] [WATCH-MEDIA] [INFO] 👀 Watching path: C:\Users\justi\Downloads\jutellane-Main\jutellane-Main\scripts\..\public\videos
[2025-10-08 15:16:23] [WATCH-MEDIA] [INFO] Watcher started. Press Ctrl+C to exit.
[2025-10-08 15:16:27] [WATCH-MEDIA] [INFO] 👀 Watching path: C:\Users\justi\Downloads\jutellane-Main\jutellane-Main\scripts\..\public\videos
[2025-10-08 15:16:27] [WATCH-MEDIA] [INFO] Watcher started. Press Ctrl+C to exit.
[2025-10-08 15:16:28] [WATCH-MEDIA] [INFO] 👀 Watching path: C:\Users\justi\Downloads\jutellane-Main\jutellane-Main\scripts\..\public\videos
[2025-10-08 15:16:28] [WATCH-MEDIA] [INFO] Watcher started. Press Ctrl+C to exit.
[2025-10-08 15:16:32] [WATCH-MEDIA] [INFO] 👀 Watching path: C:\Users\justi\Downloads\jutellane-Main\jutellane-Main\scripts\..\public\videos
[2025-10-08 15:16:32] [WATCH-MEDIA] [INFO] Watcher started. Press Ctrl+C to exit.
[2025-10-08 15:16:33] [WATCH-MEDIA] [INFO] 👀 Watching path: C:\Users\justi\Downloads\jutellane-Main\jutellane-Main\scripts\..\public\videos
[2025-10-08 15:16:33] [WATCH-MEDIA] [INFO] Watcher started. Press Ctrl+C to exit.
[2025-10-08 15:16:37] [WATCH-MEDIA] [INFO] 👀 Watching path: C:\Users\justi\Downloads\jutellane-Main\jutellane-Main\scripts\..\public\videos
[2025-10-08 15:16:37] [WATCH-MEDIA] [INFO] Watcher started. Press Ctrl+C to exit.
[2025-10-08 15:16:38] [WATCH-MEDIA] [INFO] 👀 Watching path: C:\Users\justi\Downloads\jutellane-Main\jutellane-Main\scripts\..\public\videos
[2025-10-08 15:16:38] [WATCH-MEDIA] [INFO] Watcher started. Press Ctrl+C to exit.
[2025-10-08 15:16:42] [WATCH-MEDIA] [INFO] 👀 Watching path: C:\Users\justi\Downloads\jutellane-Main\jutellane-Main\scripts\..\public\videos
[2025-10-08 15:16:42] [WATCH-MEDIA] [INFO] Watcher started. Press Ctrl+C to exit.
[2025-10-08 15:16:43] [WATCH-MEDIA] [INFO] 👀 Watching path: C:\Users\justi\Downloads\jutellane-Main\jutellane-Main\scripts\..\public\videos
[2025-10-08 15:16:43] [WATCH-MEDIA] [INFO] Watcher started. Press Ctrl+C to exit.
[2025-10-08 15:16:47] [WATCH-MEDIA] [INFO] 👀 Watching path: C:\Users\justi\Downloads\jutellane-Main\jutellane-Main\scripts\..\public\videos
[2025-10-08 15:16:47] [WATCH-MEDIA] [INFO] Watcher started. Press Ctrl+C to exit.
[2025-10-08 15:16:48] [WATCH-MEDIA] [INFO] 👀 Watching path: C:\Users\justi\Downloads\jutellane-Main\jutellane-Main\scripts\..\public\videos
[2025-10-08 15:16:48] [WATCH-MEDIA] [INFO] Watcher started. Press Ctrl+C to exit.
[2025-10-08 15:16:52] [WATCH-MEDIA] [INFO] 👀 Watching path: C:\Users\justi\Downloads\jutellane-Main\jutellane-Main\scripts\..\public\videos
[2025-10-08 15:16:52] [WATCH-MEDIA] [INFO] Watcher started. Press Ctrl+C to exit.
[2025-10-08 15:16:53] [WATCH-MEDIA] [INFO] 👀 Watching path: C:\Users\justi\Downloads\jutellane-Main\jutellane-Main\scripts\..\public\videos
[2025-10-08 15:16:53] [WATCH-MEDIA] [INFO] Watcher started. Press Ctrl+C to exit.
[2025-10-08 15:16:57] [WATCH-MEDIA] [INFO] 👀 Watching path: C:\Users\justi\Downloads\jutellane-Main\jutellane-Main\scripts\..\public\videos
[2025-10-08 15:16:57] [WATCH-MEDIA] [INFO] Watcher started. Press Ctrl+C to exit.
[2025-10-08 15:16:58] [WATCH-MEDIA] [INFO] 👀 Watching path: C:\Users\justi\Downloads\jutellane-Main\jutellane-Main\scripts\..\public\videos
[2025-10-08 15:16:59] [WATCH-MEDIA] [INFO] Watcher started. Press Ctrl+C to exit.
[2025-10-08 15:17:02] [WATCH-MEDIA] [INFO] 👀 Watching path: C:\Users\justi\Downloads\jutellane-Main\jutellane-Main\scripts\..\public\videos
[2025-10-08 15:17:02] [WATCH-MEDIA] [INFO] Watcher started. Press Ctrl+C to exit.
[2025-10-08 15:17:03] [WATCH-MEDIA] [INFO] 👀 Watching path: C:\Users\justi\Downloads\jutellane-Main\jutellane-Main\scripts\..\public\videos
[2025-10-08 15:17:03] [WATCH-MEDIA] [INFO] Watcher started. Press Ctrl+C to exit.
[2025-10-08 15:17:07] [WATCH-MEDIA] [INFO] 👀 Watching path: C:\Users\justi\Downloads\jutellane-Main\jutellane-Main\scripts\..\public\videos
[2025-10-08 15:17:07] [WATCH-MEDIA] [INFO] Watcher started. Press Ctrl+C to exit.
[2025-10-08 15:17:08] [WATCH-MEDIA] [INFO] 👀 Watching path: C:\Users\justi\Downloads\jutellane-Main\jutellane-Main\scripts\..\public\videos
[2025-10-08 15:17:08] [WATCH-MEDIA] [INFO] Watcher started. Press Ctrl+C to exit.
[2025-10-08 15:17:12] [WATCH-MEDIA] [INFO] 👀 Watching path: C:\Users\justi\Downloads\jutellane-Main\jutellane-Main\scripts\..\public\videos
[2025-10-08 15:17:12] [WATCH-MEDIA] [INFO] Watcher started. Press Ctrl+C to exit.
[2025-10-08 15:17:13] [WATCH-MEDIA] [INFO] 👀 Watching path: C:\Users\justi\Downloads\jutellane-Main\jutellane-Main\scripts\..\public\videos
[2025-10-08 15:17:14] [WATCH-MEDIA] [INFO] Watcher started. Press Ctrl+C to exit.
[2025-10-08 15:17:17] [WATCH-MEDIA] [INFO] 👀 Watching path: C:\Users\justi\Downloads\jutellane-Main\jutellane-Main\scripts\..\public\videos
[2025-10-08 15:17:18] [WATCH-MEDIA] [INFO] Watcher started. Press Ctrl+C to exit.
[2025-10-08 15:17:19] [WATCH-MEDIA] [INFO] 👀 Watching path: C:\Users\justi\Downloads\jutellane-Main\jutellane-Main\scripts\..\public\videos
[2025-10-08 15:17:19] [WATCH-MEDIA] [INFO] Watcher started. Press Ctrl+C to exit.
[2025-10-08 15:17:22] [WATCH-MEDIA] [INFO] 👀 Watching path: C:\Users\justi\Downloads\jutellane-Main\jutellane-Main\scripts\..\public\videos
[2025-10-08 15:17:23] [WATCH-MEDIA] [INFO] Watcher started. Press Ctrl+C to exit.
[2025-10-08 15:17:24] [WATCH-MEDIA] [INFO] 👀 Watching path: C:\Users\justi\Downloads\jutellane-Main\jutellane-Main\scripts\..\public\videos
[2025-10-08 15:17:24] [WATCH-MEDIA] [INFO] Watcher started. Press Ctrl+C to exit.
[2025-10-08 15:17:28] [WATCH-MEDIA] [INFO] 👀 Watching path: C:\Users\justi\Downloads\jutellane-Main\jutellane-Main\scripts\..\public\videos
[2025-10-08 15:17:28] [WATCH-MEDIA] [INFO] Watcher started. Press Ctrl+C to exit.
[2025-10-08 15:17:29] [WATCH-MEDIA] [INFO] 👀 Watching path: C:\Users\justi\Downloads\jutellane-Main\jutellane-Main\scripts\..\public\videos
[2025-10-08 15:17:29] [WATCH-MEDIA] [INFO] Watcher started. Press Ctrl+C to exit.
[2025-10-08 15:17:33] [WATCH-MEDIA] [INFO] 👀 Watching path: C:\Users\justi\Downloads\jutellane-Main\jutellane-Main\scripts\..\public\videos
[2025-10-08 15:17:33] [WATCH-MEDIA] [INFO] Watcher started. Press Ctrl+C to exit.
[2025-10-08 15:17:34] [WATCH-MEDIA] [INFO] 👀 Watching path: C:\Users\justi\Downloads\jutellane-Main\jutellane-Main\scripts\..\public\videos
[2025-10-08 15:17:34] [WATCH-MEDIA] [INFO] Watcher started. Press Ctrl+C to exit.
[2025-10-08 15:17:38] [WATCH-MEDIA] [INFO] 👀 Watching path: C:\Users\justi\Downloads\jutellane-Main\jutellane-Main\scripts\..\public\videos
[2025-10-08 15:17:38] [WATCH-MEDIA] [INFO] Watcher started. Press Ctrl+C to exit.
[2025-10-08 15:17:39] [WATCH-MEDIA] [INFO] 👀 Watching path: C:\Users\justi\Downloads\jutellane-Main\jutellane-Main\scripts\..\public\videos
[2025-10-08 15:17:39] [WATCH-MEDIA] [INFO] Watcher started. Press Ctrl+C to exit.
